c:\users\armu\onedrive - veralto\desktop\gymmanagementapp\gymmanagementapp\x64\debug\vc143.pdb
c:\users\armu\onedrive - veralto\desktop\gymmanagementapp\gymmanagementapp\x64\debug\vc143.idb
c:\users\armu\onedrive - veralto\desktop\gymmanagementapp\gymmanagementapp\x64\debug\user.obj
c:\users\armu\onedrive - veralto\desktop\gymmanagementapp\gymmanagementapp\x64\debug\rolemanager.obj
c:\users\armu\onedrive - veralto\desktop\gymmanagementapp\gymmanagementapp\x64\debug\memberservice.obj
c:\users\armu\onedrive - veralto\desktop\gymmanagementapp\gymmanagementapp\x64\debug\member.obj
c:\users\armu\onedrive - veralto\desktop\gymmanagementapp\gymmanagementapp\x64\debug\gymmanagementapp.obj
c:\users\armu\onedrive - veralto\desktop\gymmanagementapp\gymmanagementapp\x64\debug\authentication.obj
c:\users\armu\onedrive - veralto\desktop\gymmanagementapp\x64\debug\gymmanagementapp.pdb
c:\users\armu\onedrive - veralto\desktop\gymmanagementapp\gymmanagementapp\x64\debug\gymmanagementapp.tlog\cl.command.1.tlog
c:\users\armu\onedrive - veralto\desktop\gymmanagementapp\gymmanagementapp\x64\debug\gymmanagementapp.tlog\cl.read.1.tlog
c:\users\armu\onedrive - veralto\desktop\gymmanagementapp\gymmanagementapp\x64\debug\gymmanagementapp.tlog\cl.write.1.tlog
c:\users\armu\onedrive - veralto\desktop\gymmanagementapp\gymmanagementapp\x64\debug\gymmanagementapp.tlog\link-cvtres.read.1.tlog
c:\users\armu\onedrive - veralto\desktop\gymmanagementapp\gymmanagementapp\x64\debug\gymmanagementapp.tlog\link-cvtres.write.1.tlog
c:\users\armu\onedrive - veralto\desktop\gymmanagementapp\gymmanagementapp\x64\debug\gymmanagementapp.tlog\link-rc.read.1.tlog
c:\users\armu\onedrive - veralto\desktop\gymmanagementapp\gymmanagementapp\x64\debug\gymmanagementapp.tlog\link-rc.write.1.tlog
c:\users\armu\onedrive - veralto\desktop\gymmanagementapp\gymmanagementapp\x64\debug\gymmanagementapp.tlog\link.command.1.tlog
c:\users\armu\onedrive - veralto\desktop\gymmanagementapp\gymmanagementapp\x64\debug\gymmanagementapp.tlog\link.read.1.tlog
c:\users\armu\onedrive - veralto\desktop\gymmanagementapp\gymmanagementapp\x64\debug\gymmanagementapp.tlog\link.read.2.tlog
c:\users\armu\onedrive - veralto\desktop\gymmanagementapp\gymmanagementapp\x64\debug\gymmanagementapp.tlog\link.read.3.tlog
c:\users\armu\onedrive - veralto\desktop\gymmanagementapp\gymmanagementapp\x64\debug\gymmanagementapp.tlog\link.read.4.tlog
c:\users\armu\onedrive - veralto\desktop\gymmanagementapp\gymmanagementapp\x64\debug\gymmanagementapp.tlog\link.read.5.tlog
c:\users\armu\onedrive - veralto\desktop\gymmanagementapp\gymmanagementapp\x64\debug\gymmanagementapp.tlog\link.write.1.tlog
